D:\CodeCollection\MFC图像检索\ImgRetr\Debug\cl.command.1.tlog
D:\CodeCollection\MFC图像检索\ImgRetr\Debug\CL.read.1.tlog
D:\CodeCollection\MFC图像检索\ImgRetr\Debug\CL.write.1.tlog
D:\CODECOLLECTION\MFC图像检索\IMGRETR\DEBUG\COLOR_FEATURE.OBJ
D:\CODECOLLECTION\MFC图像检索\IMGRETR\DEBUG\DATABASECTRL.OBJ
D:\CODECOLLECTION\MFC图像检索\IMGRETR\DEBUG\DATABASEINFO.OBJ
D:\CODECOLLECTION\MFC图像检索\IMGRETR\DEBUG\DRAWTODC.OBJ
D:\CODECOLLECTION\MFC图像检索\IMGRETR\DEBUG\FEATUREEXACTOR.OBJ
D:\CODECOLLECTION\MFC图像检索\IMGRETR\DEBUG\FINDFILES.OBJ
D:\CODECOLLECTION\MFC图像检索\IMGRETR\DEBUG\GLOBALFEAT.OBJ
D:\CODECOLLECTION\MFC图像检索\IMGRETR\DEBUG\IMGRETR.OBJ
D:\CODECOLLECTION\MFC图像检索\IMGRETR\DEBUG\IMGRETR.PCH
D:\CODECOLLECTION\MFC图像检索\IMGRETR\DEBUG\IMGRETR.RES
D:\CodeCollection\MFC图像检索\ImgRetr\Debug\ImgRetr.write.1.tlog
D:\CODECOLLECTION\MFC图像检索\IMGRETR\DEBUG\IMGRETRDLG.OBJ
D:\CODECOLLECTION\MFC图像检索\IMGRETR\DEBUG\LBP.OBJ
D:\CodeCollection\MFC图像检索\ImgRetr\Debug\link.command.1.tlog
D:\CodeCollection\MFC图像检索\ImgRetr\Debug\link.read.1.tlog
D:\CodeCollection\MFC图像检索\ImgRetr\Debug\link.write.1.tlog
D:\CODECOLLECTION\MFC图像检索\IMGRETR\DEBUG\LOCALFEAT.OBJ
D:\CODECOLLECTION\MFC图像检索\IMGRETR\DEBUG\PICCTRL.OBJ
D:\CodeCollection\MFC图像检索\ImgRetr\Debug\rc.command.1.tlog
D:\CodeCollection\MFC图像检索\ImgRetr\Debug\rc.read.1.tlog
D:\CodeCollection\MFC图像检索\ImgRetr\Debug\rc.write.1.tlog
D:\CODECOLLECTION\MFC图像检索\IMGRETR\DEBUG\RESULTSHOW.OBJ
D:\CODECOLLECTION\MFC图像检索\IMGRETR\DEBUG\SEARCH.OBJ
D:\CODECOLLECTION\MFC图像检索\IMGRETR\DEBUG\SEARCHENGINE.OBJ
D:\CODECOLLECTION\MFC图像检索\IMGRETR\DEBUG\SHAPEFEATURE.OBJ
D:\CODECOLLECTION\MFC图像检索\IMGRETR\DEBUG\STDAFX.OBJ
D:\CodeCollection\MFC图像检索\ImgRetr\Debug\vc100.idb
D:\CODECOLLECTION\MFC图像检索\IMGRETR\DEBUG\VC100.PDB
